<?xml version="1.0" encoding="UTF-8"?>
<testsuite xmlns:xsi="http://www.w3.org/2001/XMLSchema-instance" xsi:schemaLocation="https://maven.apache.org/surefire/maven-surefire-plugin/xsd/surefire-test-report.xsd" name="com.techprimers.testing.FizzBuzzTest" time="0.098" tests="4" errors="0" skipped="0" failures="0">
  <properties>
[...]
</properties>
  <testcase name="Play FizzBuzz with number = 5" classname="com.techprimers.testing.FizzBuzzTest" time="0.022"/>
  <testcase name="Play FizzBuzz with number = 3" classname="com.techprimers.testing.FizzBuzzTest" time="0"/>
  <testcase name="Play FizzBuzz with number = 1" classname="com.techprimers.testing.FizzBuzzTest" time="0"/>
  <testcase name="Don&apos;t Play FizzBuzz with number = 0" classname="com.techprimers.testing.FizzBuzzTest" time="0.004"/>
</testsuite>